

1687973725271 undefined /api/books
1687973779934 undefined /api/books
1687973805221 undefined /api/books
1687974121026 undefined /api/books/download
1687974379832 undefined /api/books/download
1687974410730 undefined /
1687974410846 undefined /favicon.ico
1687974508002 undefined /api/books/download
1687974551678 undefined /api/books/download
1687974563430 undefined /api/books/download
1687974673670 undefined /api/books
1687974699174 undefined /api/books/3d1b9c75-12ac-4ff3-9c16-d6469af9eaa2/download
1687974801074 undefined /api/books/3d1b9c75-12ac-4ff3-9c16-d6469af9eaa2/download
1687974866842 undefined /api/books/3d1b9c75-12ac-4ff3-9c16-d6469af9eaa2/download
1687974885478 undefined /api/books/3d1b9c75-12ac-4ff3-9c16-d6469af9eaa2/download
1687975098538 undefined /api/books/3d1b9c75-12ac-4ff3-9c16-d6469af9eaa2/download
1687975345894 undefined /api/books/3d1b9c75-12ac-4ff3-9c16-d6469af9eaa2/download
1687975375575 undefined /api/books/3d1b9c75-12ac-4ff3-9c16-d6469af9eaa2/download
1687975395402 undefined /api/books/3d1b9c75-12ac-4ff3-9c16-d6469af9eaa2/download
1687975723002 undefined /api/books/3d1b9c75-12ac-4ff3-9c16-d6469af9eaa2/download
1687975779582 undefined /api/books/3d1b9c75-12ac-4ff3-9c16-d6469af9eaa2/download
1687975895860 undefined /api/books/3d1b9c75-12ac-4ff3-9c16-d6469af9eaa2/download
1687976094157 undefined /public/img/book.png
1687976191133 undefined /public/img/book.png
1687976257792 undefined /api/books
1687976288921 undefined /api/books/3d1b9c75-12ac-4ff3-9c16-d6469af9eaa2/download
1687976466751 undefined /api/books/3d1b9c75-12ac-4ff3-9c16-d6469af9eaa2/download
